<?xml version="1.0" encoding="UTF-8"?>
<!-- Generated by org.testng.reporters.JUnitXMLReporter -->
<testsuite ignored="0" hostname="DESKTOP-F396GN6" failures="0" tests="4" name="Default test" time="26.046" errors="0" timestamp="2023-08-27T11:52:29 IST">
  <testcase classname="PreloginTestcases.Testcases" name="HeaderVerificationLangauage" time="3.178"/>
  <testcase classname="PreloginTestcases.Testcases" name="HeaderVerificationCallUs" time="4.13"/>
  <testcase classname="PreloginTestcases.Testcases" name="ContactUs" time="2.01"/>
  <testcase classname="PreloginTestcases.Testcases" name="LoginButton" time="9.313"/>
</testsuite> <!-- Default test -->
