<?xml version="1.0" encoding="UTF-8"?>
<!-- Generated by org.testng.reporters.JUnitXMLReporter -->
<testsuite ignored="0" hostname="DESKTOP-F396GN6" failures="0" tests="6" name="Test" time="91.102" errors="0" timestamp="2023-09-07T19:00:24 IST">
  <testcase classname="PreloginTestcases.Testcases" name="HeaderVerificationLangauage" time="3.182"/>
  <testcase classname="PreloginTestcases.Testcases" name="HeaderVerificationCallUs" time="4.823"/>
  <testcase classname="PreloginTestcases.Testcases" name="ContactUs" time="1.487"/>
  <testcase classname="PreloginTestcases.Testcases" name="LoginButton" time="12.944"/>
  <testcase classname="PreloginTestcases.Testcases" name="Multiple_DropDown_Box" time="21.733"/>
  <testcase classname="PreloginTestcases.Testcases" name="OnlineAssessmentTools" time="39.438"/>
</testsuite> <!-- Test -->
