<?xml version="1.0" encoding="UTF-8"?>
<testng-results ignored="0" total="6" passed="6" failed="0" skipped="0">
  <reporter-output>
  </reporter-output>
  <suite started-at="2023-09-07T18:58:53 IST" name="Suite" finished-at="2023-09-07T19:00:24 IST" duration-ms="91102">
    <groups>
    </groups>
    <test started-at="2023-09-07T18:58:53 IST" name="Test" finished-at="2023-09-07T19:00:24 IST" duration-ms="91102">
      <class name="PreloginTestcases.Testcases">
        <test-method is-config="true" signature="LaunchURL()[pri:0, instance:PreloginTestcases.Testcases@58d75e99]" started-at="2023-09-07T18:58:53 IST" name="LaunchURL" finished-at="2023-09-07T18:58:59 IST" duration-ms="6458" status="PASS">
          <reporter-output>
          </reporter-output>
        </test-method> <!-- LaunchURL -->
        <test-method signature="HeaderVerificationLangauage()[pri:1, instance:PreloginTestcases.Testcases@58d75e99]" started-at="2023-09-07T18:58:59 IST" name="HeaderVerificationLangauage" description="Test case 01: Language Drop down Verification" finished-at="2023-09-07T18:59:03 IST" duration-ms="3182" status="PASS">
          <reporter-output>
          </reporter-output>
        </test-method> <!-- HeaderVerificationLangauage -->
        <test-method is-config="true" signature="aftermethod(org.testng.ITestResult)[pri:0, instance:PreloginTestcases.Testcases@58d75e99]" started-at="2023-09-07T18:59:03 IST" name="aftermethod" finished-at="2023-09-07T18:59:03 IST" duration-ms="1" status="PASS">
          <params>
            <param index="0">
              <value>
                <![CDATA[[TestResult name=HeaderVerificationLangauage status=SUCCESS method=Testcases.HeaderVerificationLangauage()[pri:1, instance:PreloginTestcases.Testcases@58d75e99] output={null}]]]>
              </value>
            </param>
          </params>
          <reporter-output>
          </reporter-output>
        </test-method> <!-- aftermethod -->
        <test-method signature="HeaderVerificationCallUs()[pri:2, instance:PreloginTestcases.Testcases@58d75e99]" started-at="2023-09-07T18:59:03 IST" name="HeaderVerificationCallUs" description="Test case 02: Call us functionality" finished-at="2023-09-07T18:59:07 IST" duration-ms="4823" status="PASS">
          <reporter-output>
          </reporter-output>
        </test-method> <!-- HeaderVerificationCallUs -->
        <test-method is-config="true" signature="aftermethod(org.testng.ITestResult)[pri:0, instance:PreloginTestcases.Testcases@58d75e99]" started-at="2023-09-07T18:59:07 IST" name="aftermethod" finished-at="2023-09-07T18:59:07 IST" duration-ms="1" status="PASS">
          <params>
            <param index="0">
              <value>
                <![CDATA[[TestResult name=HeaderVerificationCallUs status=SUCCESS method=Testcases.HeaderVerificationCallUs()[pri:2, instance:PreloginTestcases.Testcases@58d75e99] output={null}]]]>
              </value>
            </param>
          </params>
          <reporter-output>
          </reporter-output>
        </test-method> <!-- aftermethod -->
        <test-method signature="ContactUs()[pri:3, instance:PreloginTestcases.Testcases@58d75e99]" started-at="2023-09-07T18:59:07 IST" name="ContactUs" description="Test case 03: Contact Us Page Verification" finished-at="2023-09-07T18:59:09 IST" duration-ms="1487" status="PASS">
          <reporter-output>
          </reporter-output>
        </test-method> <!-- ContactUs -->
        <test-method is-config="true" signature="aftermethod(org.testng.ITestResult)[pri:0, instance:PreloginTestcases.Testcases@58d75e99]" started-at="2023-09-07T18:59:09 IST" name="aftermethod" finished-at="2023-09-07T18:59:09 IST" duration-ms="1" status="PASS">
          <params>
            <param index="0">
              <value>
                <![CDATA[[TestResult name=ContactUs status=SUCCESS method=Testcases.ContactUs()[pri:3, instance:PreloginTestcases.Testcases@58d75e99] output={null}]]]>
              </value>
            </param>
          </params>
          <reporter-output>
          </reporter-output>
        </test-method> <!-- aftermethod -->
        <test-method signature="LoginButton()[pri:4, instance:PreloginTestcases.Testcases@58d75e99]" started-at="2023-09-07T18:59:09 IST" name="LoginButton" description="Test case 4: Login button verification" finished-at="2023-09-07T18:59:22 IST" duration-ms="12944" status="PASS">
          <reporter-output>
          </reporter-output>
        </test-method> <!-- LoginButton -->
        <test-method is-config="true" signature="aftermethod(org.testng.ITestResult)[pri:0, instance:PreloginTestcases.Testcases@58d75e99]" started-at="2023-09-07T18:59:22 IST" name="aftermethod" finished-at="2023-09-07T18:59:22 IST" duration-ms="1" status="PASS">
          <params>
            <param index="0">
              <value>
                <![CDATA[[TestResult name=LoginButton status=SUCCESS method=Testcases.LoginButton()[pri:4, instance:PreloginTestcases.Testcases@58d75e99] output={null}]]]>
              </value>
            </param>
          </params>
          <reporter-output>
          </reporter-output>
        </test-method> <!-- aftermethod -->
        <test-method signature="Multiple_DropDown_Box()[pri:5, instance:PreloginTestcases.Testcases@58d75e99]" started-at="2023-09-07T18:59:22 IST" name="Multiple_DropDown_Box" description="Multiple_DropDown_Box" finished-at="2023-09-07T18:59:44 IST" duration-ms="21733" status="PASS">
          <reporter-output>
          </reporter-output>
        </test-method> <!-- Multiple_DropDown_Box -->
        <test-method is-config="true" signature="aftermethod(org.testng.ITestResult)[pri:0, instance:PreloginTestcases.Testcases@58d75e99]" started-at="2023-09-07T18:59:44 IST" name="aftermethod" finished-at="2023-09-07T18:59:44 IST" duration-ms="1" status="PASS">
          <params>
            <param index="0">
              <value>
                <![CDATA[[TestResult name=Multiple_DropDown_Box status=SUCCESS method=Testcases.Multiple_DropDown_Box()[pri:5, instance:PreloginTestcases.Testcases@58d75e99] output={null}]]]>
              </value>
            </param>
          </params>
          <reporter-output>
          </reporter-output>
        </test-method> <!-- aftermethod -->
        <test-method signature="OnlineAssessmentTools()[pri:6, instance:PreloginTestcases.Testcases@58d75e99]" started-at="2023-09-07T18:59:44 IST" name="OnlineAssessmentTools" description="Holistic Online Assessment Tools for Academic Institutes and Corporates" finished-at="2023-09-07T19:00:23 IST" duration-ms="39438" status="PASS">
          <reporter-output>
          </reporter-output>
        </test-method> <!-- OnlineAssessmentTools -->
        <test-method is-config="true" signature="aftermethod(org.testng.ITestResult)[pri:0, instance:PreloginTestcases.Testcases@58d75e99]" started-at="2023-09-07T19:00:23 IST" name="aftermethod" finished-at="2023-09-07T19:00:23 IST" duration-ms="1" status="PASS">
          <params>
            <param index="0">
              <value>
                <![CDATA[[TestResult name=OnlineAssessmentTools status=SUCCESS method=Testcases.OnlineAssessmentTools()[pri:6, instance:PreloginTestcases.Testcases@58d75e99] output={null}]]]>
              </value>
            </param>
          </params>
          <reporter-output>
          </reporter-output>
        </test-method> <!-- aftermethod -->
        <test-method is-config="true" signature="EndTest()[pri:0, instance:PreloginTestcases.Testcases@58d75e99]" started-at="2023-09-07T19:00:23 IST" name="EndTest" finished-at="2023-09-07T19:00:24 IST" duration-ms="968" status="PASS">
          <reporter-output>
          </reporter-output>
        </test-method> <!-- EndTest -->
        <test-method is-config="true" signature="AfterTestAllasserts()[pri:0, instance:PreloginTestcases.Testcases@58d75e99]" started-at="2023-09-07T19:00:24 IST" name="AfterTestAllasserts" finished-at="2023-09-07T19:00:24 IST" duration-ms="0" status="PASS">
          <reporter-output>
          </reporter-output>
        </test-method> <!-- AfterTestAllasserts -->
      </class> <!-- PreloginTestcases.Testcases -->
    </test> <!-- Test -->
  </suite> <!-- Suite -->
</testng-results>
